C51 COMPILER V9.60.0.0   I2C                                                               05/07/2023 18:39:05 PAGE 1   


C51 COMPILER V9.60.0.0, COMPILATION OF MODULE I2C
OBJECT MODULE PLACED IN .\output\i2c.obj
COMPILER INVOKED BY: C:\Keil_v5\C51\BIN\C51.EXE src\i2c.c OPTIMIZE(8,SPEED) BROWSE PRINT(.\output\i2c.lst) TABS(2) OBJEC
                    -T(.\output\i2c.obj)

line level    source

   1          /*
   2              Paper Counter
   3              Copyright (C) 2022  ???
   4          
   5              This program is free software: you can redistribute it and/or modify
   6              it under the terms of the GNU General Public License as published by
   7              the Free Software Foundation, either version 3 of the License, or
   8              (at your option) any later version.
   9          
  10              This program is distributed in the hope that it will be useful,
  11              but WITHOUT ANY WARRANTY; without even the implied warranty of
  12              MERCHANTABILITY or FITNESS FOR A PARTICULAR PURPOSE.  See the
  13              GNU General Public License for more details.
  14          
  15              You should have received a copy of the GNU General Public License
  16              along with this program.  If not, see <http://www.gnu.org/licenses/>.
  17          */
  18          
  19          #include"i2c.h"
  20          
  21          /*******************************************************************************
  22          * ???         : Delay10us()
  23          * ????       : ??10us
  24          * ??           : ?
  25          * ??           : ?
  26          *******************************************************************************/
  27          
  28          void Delay10us()
  29          {
  30   1          unsigned char a,b;
  31   1          for(b=1;b>0;b--)
  32   1              for(a=2;a>0;a--);
  33   1      
  34   1      }
  35          /*******************************************************************************
  36          * ???         : I2cStart()
  37          * ????     : ????:?SCL??????????SDA?????????
  38          * ??           : ?
  39          * ??           : ?
  40          * ??           : ????SDA?SCL??0
  41          *******************************************************************************/
  42          
  43          void I2cStart()
  44          {
  45   1          SDA=1;
  46   1          Delay10us();
  47   1          SCL=1;
  48   1          Delay10us();//?????SDA????>4.7us
  49   1          SDA=0;
  50   1          Delay10us();//?????>4us
  51   1          SCL=0;      
  52   1          Delay10us();    
  53   1      }
  54          /*******************************************************************************
C51 COMPILER V9.60.0.0   I2C                                                               05/07/2023 18:39:05 PAGE 2   

  55          * ???         : I2cStop()
  56          * ????     : ????:?SCL?????????SDA?????????
  57          * ??           : ?
  58          * ??           : ?
  59          * ??           : ??????SDA?SCL??1;??????
  60          *******************************************************************************/
  61          
  62          void I2cStop()
  63          {
  64   1          SDA=0;
  65   1          Delay10us();
  66   1          SCL=1;
  67   1          Delay10us();//??????4.7us
  68   1          SDA=1;
  69   1          Delay10us();    
  70   1      }
  71          /*******************************************************************************
  72          * ???         : I2cSendByte(unsigned char dat)
  73          * ????     : ??I2C????????SCL?????????,??????SDA????
  74          * ??           : num
  75          * ??           : 0?1???????1,??????0
  76          * ??           : ???????SCL=0,SDA=1
  77          *******************************************************************************/
  78          
  79          unsigned char I2cSendByte(unsigned char dat)
  80          {
  81   1          unsigned char a=0,b=0;//??255,???????1us,????255us?   
  82   1          for(a=0;a<8;a++)//???8?,??????
  83   1          {
  84   2              SDA=dat>>7;  //??????SCL=0,????????SDA??
  85   2              dat=dat<<1;
  86   2              Delay10us();
  87   2              SCL=1;
  88   2              Delay10us();//????>4.7us
  89   2              SCL=0;
  90   2              Delay10us();//????4us   
  91   2          }
  92   1          SDA=1;
  93   1          Delay10us();
  94   1          SCL=1;
  95   1          while(SDA)//????,?????????SDA??
  96   1          {
  97   2              b++;
  98   2              if(b>200)  //????2000us????????,??????,??????
  99   2              {
 100   3                  SCL=0;
 101   3                  Delay10us();
 102   3                  return 0;
 103   3              }
 104   2          }
 105   1          SCL=0;
 106   1          Delay10us();
 107   1           return 1;    
 108   1      }
 109          /*******************************************************************************
 110          * ???         : I2cReadByte()
 111          * ????       : ??I2c??????
 112          * ??           : ?
 113          * ??           : dat
 114          * ??           : ???????SCL=0,SDA=1.
 115          *******************************************************************************/
 116          
C51 COMPILER V9.60.0.0   I2C                                                               05/07/2023 18:39:05 PAGE 3   

 117          unsigned char I2cReadByte()
 118          {
 119   1          unsigned char a=0,dat=0;
 120   1          SDA=1;      //???????????SCL??0
 121   1          Delay10us();
 122   1          for(a=0;a<8;a++)//??8???
 123   1          {
 124   2              SCL=1;
 125   2              Delay10us();
 126   2              dat<<=1;
 127   2              dat|=SDA;
 128   2              Delay10us();
 129   2              SCL=0;
 130   2              Delay10us();
 131   2          }
 132   1          return dat;   
 133   1      }
 134          
 135          
 136          /*******************************************************************************
 137          * ???         : void At24c02Write(unsigned char addr,unsigned char dat)
 138          * ????       : ?24c02???????????
 139          * ??           : ?
 140          * ??           : ?
 141          *******************************************************************************/
 142          
 143          void At24c02Write(unsigned char addr,unsigned char dat)
 144          {
 145   1          I2cStart();
 146   1          I2cSendByte(0xa0);//???????
 147   1          I2cSendByte(addr);//?????????
 148   1          I2cSendByte(dat); //????
 149   1          I2cStop();
 150   1      }
 151          /*******************************************************************************
 152          * ???         : unsigned char At24c02Read(unsigned char addr)
 153          * ????       : ??24c02??????????
 154          * ??           : ?
 155          * ??           : ?
 156          *******************************************************************************/
 157          
 158          unsigned char At24c02Read(unsigned char addr)
 159          {
 160   1          unsigned char num;
 161   1          I2cStart();
 162   1          I2cSendByte(0xa0); //???????
 163   1          I2cSendByte(addr); //????????
 164   1          I2cStart();
 165   1          I2cSendByte(0xa1); //???????
 166   1          num=I2cReadByte(); //????
 167   1          I2cStop();
 168   1          return num; 
 169   1      }
 170          


MODULE INFORMATION:   STATIC OVERLAYABLE
   CODE SIZE        =    245    ----
   CONSTANT SIZE    =   ----    ----
   XDATA SIZE       =   ----    ----
   PDATA SIZE       =   ----    ----
   DATA SIZE        =   ----    ----
C51 COMPILER V9.60.0.0   I2C                                                               05/07/2023 18:39:05 PAGE 4   

   IDATA SIZE       =   ----    ----
   BIT SIZE         =   ----    ----
END OF MODULE INFORMATION.


C51 COMPILATION COMPLETE.  0 WARNING(S),  0 ERROR(S)
